e:\temp\c2lua\c2luaproject\project1\debug\gen\vc140.pdb
e:\temp\c2lua\c2luaproject\project1\debug\gen\vc140.idb
e:\temp\c2lua\c2luaproject\project1\debug\gen\liolib.obj
e:\temp\c2lua\c2luaproject\project1\debug\gen\llex.obj
e:\temp\c2lua\c2luaproject\project1\debug\gen\lmathlib.obj
e:\temp\c2lua\c2luaproject\project1\debug\gen\lmem.obj
e:\temp\c2lua\c2luaproject\project1\debug\gen\loadlib.obj
e:\temp\c2lua\c2luaproject\project1\debug\gen\lobject.obj
e:\temp\c2lua\c2luaproject\project1\debug\gen\lopcodes.obj
e:\temp\c2lua\c2luaproject\project1\debug\gen\loslib.obj
e:\temp\c2lua\c2luaproject\project1\debug\gen\lparser.obj
e:\temp\c2lua\c2luaproject\project1\debug\gen\lstate.obj
e:\temp\c2lua\c2luaproject\project1\debug\gen\lstring.obj
e:\temp\c2lua\c2luaproject\project1\debug\gen\lstrlib.obj
e:\temp\c2lua\c2luaproject\project1\debug\gen\ltable.obj
e:\temp\c2lua\c2luaproject\project1\debug\gen\ltablib.obj
e:\temp\c2lua\c2luaproject\project1\debug\gen\ltm.obj
e:\temp\c2lua\c2luaproject\project1\debug\gen\lua.obj
e:\temp\c2lua\c2luaproject\project1\debug\gen\lundump.obj
e:\temp\c2lua\c2luaproject\project1\debug\gen\lvm.obj
e:\temp\c2lua\c2luaproject\project1\debug\gen\lzio.obj
e:\temp\c2lua\c2luaproject\project1\debug\gen\print.obj
e:\temp\c2lua\c2luaproject\project1\debug\gen\lapi.obj
e:\temp\c2lua\c2luaproject\project1\debug\gen\lauxlib.obj
e:\temp\c2lua\c2luaproject\project1\debug\gen\lbaselib.obj
e:\temp\c2lua\c2luaproject\project1\debug\gen\lcode.obj
e:\temp\c2lua\c2luaproject\project1\debug\gen\ldblib.obj
e:\temp\c2lua\c2luaproject\project1\debug\gen\ldebug.obj
e:\temp\c2lua\c2luaproject\project1\debug\gen\ldo.obj
e:\temp\c2lua\c2luaproject\project1\debug\gen\ldump.obj
e:\temp\c2lua\c2luaproject\project1\debug\gen\lfunc.obj
e:\temp\c2lua\c2luaproject\project1\debug\gen\lgc.obj
e:\temp\c2lua\c2luaproject\project1\debug\gen\linit.obj
e:\temp\c2lua\c2luaproject\debug\lua5.1.5dll.ilk
e:\temp\c2lua\c2luaproject\debug\lua5.1.5dll.dll
e:\temp\c2lua\c2luaproject\debug\lua5.1.5dll.pdb
e:\temp\c2lua\c2luaproject\project1\debug\gen\lua5.1.5dll.tlog\cl.command.1.tlog
e:\temp\c2lua\c2luaproject\project1\debug\gen\lua5.1.5dll.tlog\cl.read.1.tlog
e:\temp\c2lua\c2luaproject\project1\debug\gen\lua5.1.5dll.tlog\cl.write.1.tlog
e:\temp\c2lua\c2luaproject\project1\debug\gen\lua5.1.5dll.tlog\link.command.1.tlog
e:\temp\c2lua\c2luaproject\project1\debug\gen\lua5.1.5dll.tlog\link.read.1.tlog
e:\temp\c2lua\c2luaproject\project1\debug\gen\lua5.1.5dll.tlog\link.write.1.tlog
